<?xml version="1.0" encoding="UTF-8"?>
<testng-results skipped="0" failed="0" ignored="0" total="1" passed="1">
  <reporter-output>
  </reporter-output>
  <suite name="Suite" duration-ms="1013" started-at="2020-10-04T14:46:17 MDT" finished-at="2020-10-04T14:46:18 MDT">
    <groups>
      <group name="cucumber">
        <method signature="AbstractTestNGCucumberTests.feature(cucumber.api.testng.CucumberFeatureWrapper)[pri:0, instance:Runners.Tdrunner@2a742aa2]" name="feature" class="cucumber.api.testng.AbstractTestNGCucumberTests"/>
      </group> <!-- cucumber -->
    </groups>
    <test name="Test" duration-ms="1013" started-at="2020-10-04T14:46:17 MDT" finished-at="2020-10-04T14:46:18 MDT">
      <class name="Runners.Tdrunner">
        <test-method status="PASS" signature="setUpClass()[pri:0, instance:Runners.Tdrunner@2a742aa2]" name="setUpClass" is-config="true" duration-ms="375" started-at="2020-10-04T14:46:17 MDT" finished-at="2020-10-04T14:46:18 MDT">
          <reporter-output>
          </reporter-output>
        </test-method> <!-- setUpClass -->
        <test-method status="PASS" signature="feature(cucumber.api.testng.CucumberFeatureWrapper)[pri:0, instance:Runners.Tdrunner@2a742aa2]" name="feature" duration-ms="173" started-at="2020-10-04T14:46:18 MDT" description="Runs Cucumber Feature" data-provider="features" finished-at="2020-10-04T14:46:18 MDT">
          <params>
            <param index="0">
              <value>
                <![CDATA[Small Business Banking Account Homepage]]>
              </value>
            </param>
          </params>
          <reporter-output>
          </reporter-output>
        </test-method> <!-- feature -->
        <test-method status="PASS" signature="tearDownClass()[pri:0, instance:Runners.Tdrunner@2a742aa2]" name="tearDownClass" is-config="true" duration-ms="117" started-at="2020-10-04T14:46:18 MDT" finished-at="2020-10-04T14:46:18 MDT">
          <reporter-output>
          </reporter-output>
        </test-method> <!-- tearDownClass -->
      </class> <!-- Runners.Tdrunner -->
    </test> <!-- Test -->
  </suite> <!-- Suite -->
</testng-results>
