<?xml version="1.0" encoding="UTF-8"?>
<!-- Generated by org.testng.reporters.JUnitXMLReporter -->
<testsuite hostname="DESKTOP-I0F7UNJ" ignored="0" name="Test" tests="2" failures="2" timestamp="2020-10-04T00:20:12 MDT" time="0.218" errors="0">
  <testcase name="LunchSite" time="0.017" classname="runners.myRunner">
    <failure type="java.lang.NullPointerException">
      <![CDATA[java.lang.NullPointerException
at runners.myRunner.LunchSite(myRunner.java:20)
at java.util.ArrayList.forEach(Unknown Source)
... Removed 27 stack frames]]>
    </failure>
  </testcase> <!-- LunchSite -->
  <testcase name="RunAllTests" time="0.079" classname="runners.myRunner">
    <failure type="java.lang.NullPointerException">
      <![CDATA[java.lang.NullPointerException
at java.util.Objects.requireNonNull(Unknown Source)
at org.openqa.selenium.support.ui.FluentWait.<init>(FluentWait.java:106)
at org.openqa.selenium.support.ui.WebDriverWait.<init>(WebDriverWait.java:85)
at org.openqa.selenium.support.ui.WebDriverWait.<init>(WebDriverWait.java:64)
at Pages.Parent.<init>(Parent.java:30)
at Pages.Child.<init>(Child.java:14)
at runners.myRunner.RunAllTests(myRunner.java:27)
at java.util.ArrayList.forEach(Unknown Source)
... Removed 27 stack frames]]>
    </failure>
  </testcase> <!-- RunAllTests -->
</testsuite> <!-- Test -->
